<?xml version="1.0" encoding="UTF-8"?>
<!-- Generated by org.testng.reporters.JUnitXMLReporter -->
<testsuite hostname="LetsAutomate" ignored="0" name="Test" tests="6" failures="0" timestamp="06 May 2019 11:27:37 GMT" time="219.108" errors="0">
  <testcase name="test4" time="0.02" classname="Testpipe.Testpipe.TestClass2"/>
  <testcase name="test5" time="0.021" classname="Testpipe.Testpipe.TestClass2"/>
  <testcase name="test6" time="0.02" classname="Testpipe.Testpipe.TestClass2"/>
  <testcase name="test1" time="0.016" classname="Testpipe.Testpipe.TestClass1"/>
  <testcase name="test2" time="0.017" classname="Testpipe.Testpipe.TestClass1"/>
  <testcase name="test3" time="0.023" classname="Testpipe.Testpipe.TestClass1"/>
</testsuite> <!-- Test -->
